<?xml version="1.0" encoding="UTF-8"?>
<!-- Generated by org.testng.reporters.JUnitXMLReporter -->
<testsuite ignored="0" hostname="SaiPavanKumar07" failures="0" tests="3" name="Default test" time="0.043" errors="0" timestamp="2022-07-11T09:52:56 IST">
  <testcase classname="maven.practice.apiTest" name="sample4" time="0.008"/>
  <testcase classname="maven.practice.apiTest" name="sample5" time="0.001"/>
  <testcase classname="maven.practice.apiTest" name="sample6" time="0.001"/>
</testsuite> <!-- Default test -->
