<?xml version="1.0" encoding="UTF-8"?>
<!-- Generated by org.testng.reporters.JUnitXMLReporter -->
<testsuite ignored="0" hostname="SaiPavanKumar07" failures="0" tests="9" name="Test" time="0.063" errors="0" timestamp="2022-07-12T12:04:35 IST">
  <testcase classname="maven.practice.apiTest" name="sample4" time="0.006"/>
  <testcase classname="maven.practice.apiTest" name="sample5" time="0.001"/>
  <testcase classname="maven.practice.apiTest" name="sample6" time="0.0"/>
  <testcase classname="maven.practice.appiumTest" name="sample7" time="0.0"/>
  <testcase classname="maven.practice.appiumTest" name="sample8" time="0.001"/>
  <testcase classname="maven.practice.appiumTest" name="sample9" time="0.001"/>
  <testcase classname="maven.practice.seleniumTest" name="sample1" time="0.0"/>
  <testcase classname="maven.practice.seleniumTest" name="sample2" time="0.0"/>
  <testcase classname="maven.practice.seleniumTest" name="sample3" time="0.0"/>
</testsuite> <!-- Test -->
