<?xml version="1.0" encoding="UTF-8"?>
<!-- Generated by org.testng.reporters.JUnitXMLReporter -->
<testsuite ignored="0" hostname="SaiPavanKumar07" failures="0" tests="3" name="Surefire test" time="0.059" errors="0" timestamp="2022-07-11T11:13:28 IST">
  <testcase classname="maven.practice.seleniumTest" name="sample1" time="0.008"/>
  <testcase classname="maven.practice.seleniumTest" name="sample2" time="0.0"/>
  <testcase classname="maven.practice.seleniumTest" name="sample3" time="0.001"/>
</testsuite> <!-- Surefire test -->
