<?xml version="1.0" encoding="UTF-8"?>
<testng-results ignored="0" total="9" passed="9" failed="0" skipped="0">
  <reporter-output>
  </reporter-output>
  <suite started-at="2022-07-11T13:54:39 IST" name="Suite" finished-at="2022-07-11T13:54:39 IST" duration-ms="68">
    <groups>
    </groups>
    <test started-at="2022-07-11T13:54:39 IST" name="Test" finished-at="2022-07-11T13:54:39 IST" duration-ms="68">
      <class name="maven.practice.apiTest">
        <test-method signature="sample4()[pri:0, instance:maven.practice.apiTest@5d7148e2]" started-at="2022-07-11T13:54:39 IST" name="sample4" finished-at="2022-07-11T13:54:39 IST" duration-ms="6" status="PASS">
          <reporter-output>
          </reporter-output>
        </test-method> <!-- sample4 -->
        <test-method signature="sample5()[pri:0, instance:maven.practice.apiTest@5d7148e2]" started-at="2022-07-11T13:54:39 IST" name="sample5" finished-at="2022-07-11T13:54:39 IST" duration-ms="1" status="PASS">
          <reporter-output>
          </reporter-output>
        </test-method> <!-- sample5 -->
        <test-method signature="sample6()[pri:0, instance:maven.practice.apiTest@5d7148e2]" started-at="2022-07-11T13:54:39 IST" name="sample6" finished-at="2022-07-11T13:54:39 IST" duration-ms="7" status="PASS">
          <reporter-output>
          </reporter-output>
        </test-method> <!-- sample6 -->
      </class> <!-- maven.practice.apiTest -->
      <class name="maven.practice.appiumTest">
        <test-method signature="sample7()[pri:0, instance:maven.practice.appiumTest@2805d709]" started-at="2022-07-11T13:54:39 IST" name="sample7" finished-at="2022-07-11T13:54:39 IST" duration-ms="1" status="PASS">
          <reporter-output>
          </reporter-output>
        </test-method> <!-- sample7 -->
        <test-method signature="sample8()[pri:0, instance:maven.practice.appiumTest@2805d709]" started-at="2022-07-11T13:54:39 IST" name="sample8" finished-at="2022-07-11T13:54:39 IST" duration-ms="1" status="PASS">
          <reporter-output>
          </reporter-output>
        </test-method> <!-- sample8 -->
        <test-method signature="sample9()[pri:0, instance:maven.practice.appiumTest@2805d709]" started-at="2022-07-11T13:54:39 IST" name="sample9" finished-at="2022-07-11T13:54:39 IST" duration-ms="1" status="PASS">
          <reporter-output>
          </reporter-output>
        </test-method> <!-- sample9 -->
      </class> <!-- maven.practice.appiumTest -->
      <class name="maven.practice.seleniumTest">
        <test-method signature="sample1()[pri:0, instance:maven.practice.seleniumTest@3a44431a]" started-at="2022-07-11T13:54:39 IST" name="sample1" finished-at="2022-07-11T13:54:39 IST" duration-ms="1" status="PASS">
          <reporter-output>
          </reporter-output>
        </test-method> <!-- sample1 -->
        <test-method signature="sample2()[pri:0, instance:maven.practice.seleniumTest@3a44431a]" started-at="2022-07-11T13:54:39 IST" name="sample2" finished-at="2022-07-11T13:54:39 IST" duration-ms="1" status="PASS">
          <reporter-output>
          </reporter-output>
        </test-method> <!-- sample2 -->
        <test-method signature="sample3()[pri:0, instance:maven.practice.seleniumTest@3a44431a]" started-at="2022-07-11T13:54:39 IST" name="sample3" finished-at="2022-07-11T13:54:39 IST" duration-ms="1" status="PASS">
          <reporter-output>
          </reporter-output>
        </test-method> <!-- sample3 -->
      </class> <!-- maven.practice.seleniumTest -->
    </test> <!-- Test -->
  </suite> <!-- Suite -->
</testng-results>
